ERROR: system: Crop is already defined in that package
INFO: MineTweaker: Building registry
INFO: MineTweaker: Sucessfully built item registry
INFO: Adding minetweaker command mfr
INFO: Adding recipe for Apple
INFO: Adding recipe for Apple
INFO: Adding recipe for Apple
INFO: Removing recipe for Apple
INFO: Removing recipe for Apple
INFO: Removing recipe for Apple
INFO: Removing minetweaker command mfr
INFO: Adding minetweaker command mfr
INFO: Removing 1 recipes
INFO: Adding recipe for Apple
INFO: Adding recipe for Apple
INFO: Adding recipe for Apple
INFO: Removing recipe for Apple
INFO: Removing recipe for Apple
INFO: Removing recipe for Apple
INFO: Restoring 1 recipes
INFO: Removing minetweaker command mfr
INFO: Adding minetweaker command mfr
INFO: Removing 1 recipes
INFO: Adding recipe for Apple
INFO: Adding recipe for Apple
INFO: Adding recipe for Apple
INFO: Removing recipe for Apple
INFO: Removing recipe for Apple
INFO: Removing recipe for Apple
INFO: Restoring 1 recipes
INFO: Removing minetweaker command mfr
INFO: Adding minetweaker command mfr
INFO: Removing 1 recipes
INFO: Adding recipe for Stone Brick Stairs
INFO: Adding recipe for Apple
INFO: Adding recipe for Apple
INFO: Adding recipe for Apple
INFO: Removing recipe for Apple
INFO: Removing recipe for Apple
INFO: Removing recipe for Apple
INFO: Removing recipe for Stone Brick Stairs
INFO: Restoring 1 recipes
INFO: Removing minetweaker command mfr
INFO: Adding minetweaker command mfr
INFO: Removing 1 recipes
INFO: Adding recipe for Stone Brick Stairs
INFO: Adding recipe for Apple
INFO: Adding recipe for Apple
INFO: Adding recipe for Apple
INFO: Removing recipe for Apple
INFO: Removing recipe for Apple
INFO: Removing recipe for Apple
INFO: Removing recipe for Stone Brick Stairs
INFO: Restoring 1 recipes
INFO: Removing minetweaker command mfr
INFO: Adding minetweaker command mfr
INFO: Removing 1 recipes
INFO: Adding recipe for Stone Brick Stairs
INFO: Adding recipe for Apple
INFO: Adding recipe for Apple
INFO: Adding recipe for Apple
